project/android/build/intermediates/manifest_merge_blame_file/release/manifest-merger-blame-release-report.txt
1<?xml version="1.0" encoding="utf-8"?>
2<manifest xmlns:android="http://schemas.android.com/apk/res/android"
3    package="fi.tamk.mindpuzzle"
4    android:versionCode="1"
5    android:versionName="1.1" >
6
7    <uses-sdk
8        android:minSdkVersion="14"
8-->MindPuzzle\android\AndroidManifest.xml
9        android:targetSdkVersion="30" />
9-->MindPuzzle\android\AndroidManifest.xml
10
11    <application
11-->MindPuzzle\android\AndroidManifest.xml:5:5-22:19
12        android:allowBackup="true"
12-->MindPuzzle\android\AndroidManifest.xml:6:9-35
13        android:appCategory="game"
13-->MindPuzzle\android\AndroidManifest.xml:9:9-35
14        android:icon="@mipmap/ic_launcher_round"
14-->MindPuzzle\android\AndroidManifest.xml:7:9-49
15        android:isGame="true"
15-->MindPuzzle\android\AndroidManifest.xml:8:9-30
16        android:label="@string/app_name"
16-->MindPuzzle\android\AndroidManifest.xml:10:9-41
17        android:theme="@style/GdxTheme" >
17-->MindPuzzle\android\AndroidManifest.xml:11:9-40
18        <activity
18-->MindPuzzle\android\AndroidManifest.xml:12:9-21:20
19            android:name="fi.tamk.mindpuzzle.AndroidLauncher"
19-->MindPuzzle\android\AndroidManifest.xml:13:13-62
20            android:configChanges="keyboard|keyboardHidden|navigation|orientation|screenSize|screenLayout"
20-->MindPuzzle\android\AndroidManifest.xml:16:13-107
21            android:label="@string/app_name"
21-->MindPuzzle\android\AndroidManifest.xml:14:13-45
22            android:screenOrientation="portrait" >
22-->MindPuzzle\android\AndroidManifest.xml:15:13-49
23            <intent-filter>
23-->MindPuzzle\android\AndroidManifest.xml:17:13-20:29
24                <action android:name="android.intent.action.MAIN" />
24-->MindPuzzle\android\AndroidManifest.xml:18:17-69
24-->MindPuzzle\android\AndroidManifest.xml:18:25-66
25
26                <category android:name="android.intent.category.LAUNCHER" />
26-->MindPuzzle\android\AndroidManifest.xml:19:17-77
26-->MindPuzzle\android\AndroidManifest.xml:19:27-74
27            </intent-filter>
28        </activity>
29    </application>
30
31</manifest>